liveness/build/intermediates/manifest_merge_blame_file/release/manifest-merger-blame-release-report.txt
1<?xml version="1.0" encoding="utf-8"?>
2<manifest xmlns:android="http://schemas.android.com/apk/res/android"
3    package="com.iblogstreet.liveness"
4    android:versionCode="1"
5    android:versionName="1.0" >
6
7    <uses-sdk
8        android:minSdkVersion="19"
8-->src/main/AndroidManifest.xml
9        android:targetSdkVersion="30" />
9-->src/main/AndroidManifest.xml
10
11    <uses-permission android:name="android.permission.ACCESS_NETWORK_STATE" />
11-->src/main/AndroidManifest.xml:4:5-79
11-->src/main/AndroidManifest.xml:4:22-76
12
13    <application>
13-->src/main/AndroidManifest.xml:5:5-13:19
14        <activity
14-->src/main/AndroidManifest.xml:7:9-11:72
15            android:name="com.iblogstreet.liveness.sdk.activity.LivenessActivity"
15-->src/main/AndroidManifest.xml:8:13-82
16            android:launchMode="singleTop"
16-->src/main/AndroidManifest.xml:9:13-43
17            android:screenOrientation="portrait"
17-->src/main/AndroidManifest.xml:10:13-49
18            android:theme="@style/Theme.AppCompat.Light.NoActionBar" />
18-->src/main/AndroidManifest.xml:11:13-69
19    </application>
20
21</manifest>